18:45:04 (MainThread) load_users
18:45:04 (MainThread) users.txt doesn't exist
18:45:04 (MainThread) Ran out of input
18:45:04 (MainThread) so sorry, response updates: {'description': "Conflict: can't use getUpdates method while webhook is active", 'ok': False, 'error_code': 409}
18:45:04 (MainThread) dump users
18:45:04 (MainThread) 'result'
18:45:04 (MainThread) so sorry, response updates: {'description': "Conflict: can't use getUpdates method while webhook is active", 'ok': False, 'error_code': 409}
18:45:04 (MainThread) dump users
18:45:04 (MainThread) 'result'
18:45:04 (MainThread) so sorry, response updates: {'description': "Conflict: can't use getUpdates method while webhook is active", 'ok': False, 'error_code': 409}
18:45:04 (MainThread) dump users
18:45:04 (MainThread) 'result'
18:45:05 (MainThread) so sorry, response updates: {'description': "Conflict: can't use getUpdates method while webhook is active", 'ok': False, 'error_code': 409}
18:45:05 (MainThread) dump users
18:45:05 (MainThread) 'result'
18:45:05 (MainThread) so sorry, response updates: {'description': "Conflict: can't use getUpdates method while webhook is active", 'ok': False, 'error_code': 409}
18:45:05 (MainThread) dump users
18:45:05 (MainThread) 'result'
18:45:05 (MainThread) so sorry, response updates: {'description': "Conflict: can't use getUpdates method while webhook is active", 'ok': False, 'error_code': 409}
18:45:05 (MainThread) dump users
18:45:05 (MainThread) 'result'
18:45:05 (MainThread) so sorry, response updates: {'description': "Conflict: can't use getUpdates method while webhook is active", 'ok': False, 'error_code': 409}
18:45:05 (MainThread) dump users
18:45:05 (MainThread) 'result'
18:45:05 (MainThread) so sorry, response updates: {'description': "Conflict: can't use getUpdates method while webhook is active", 'ok': False, 'error_code': 409}
18:45:05 (MainThread) dump users
18:45:05 (MainThread) 'result'
18:45:06 (MainThread) so sorry, response updates: {'description': "Conflict: can't use getUpdates method while webhook is active", 'ok': False, 'error_code': 409}
18:45:06 (MainThread) dump users
18:45:06 (MainThread) 'result'
18:45:06 (MainThread) so sorry, response updates: {'description': "Conflict: can't use getUpdates method while webhook is active", 'ok': False, 'error_code': 409}
18:45:06 (MainThread) dump users
18:45:06 (MainThread) 'result'
18:45:06 (MainThread) so sorry, response updates: {'description': "Conflict: can't use getUpdates method while webhook is active", 'ok': False, 'error_code': 409}
18:45:06 (MainThread) dump users
18:45:06 (MainThread) 'result'
18:45:06 (MainThread) so sorry, response updates: {'description': "Conflict: can't use getUpdates method while webhook is active", 'ok': False, 'error_code': 409}
18:45:06 (MainThread) dump users
18:45:06 (MainThread) 'result'
18:45:06 (MainThread) so sorry, response updates: {'description': "Conflict: can't use getUpdates method while webhook is active", 'ok': False, 'error_code': 409}
18:45:06 (MainThread) dump users
18:45:06 (MainThread) 'result'
18:45:06 (MainThread) so sorry, response updates: {'description': "Conflict: can't use getUpdates method while webhook is active", 'ok': False, 'error_code': 409}
18:45:06 (MainThread) dump users
18:45:06 (MainThread) 'result'
18:45:07 (MainThread) so sorry, response updates: {'description': "Conflict: can't use getUpdates method while webhook is active", 'ok': False, 'error_code': 409}
18:45:07 (MainThread) dump users
18:45:07 (MainThread) 'result'
18:45:07 (MainThread) so sorry, response updates: {'description': "Conflict: can't use getUpdates method while webhook is active", 'ok': False, 'error_code': 409}
18:45:07 (MainThread) dump users
18:45:07 (MainThread) 'result'
18:45:07 (MainThread) so sorry, response updates: {'description': "Conflict: can't use getUpdates method while webhook is active", 'ok': False, 'error_code': 409}
18:45:07 (MainThread) dump users
18:45:07 (MainThread) 'result'
18:45:07 (MainThread) so sorry, response updates: {'description': "Conflict: can't use getUpdates method while webhook is active", 'ok': False, 'error_code': 409}
18:45:07 (MainThread) dump users
18:45:07 (MainThread) 'result'
18:45:07 (MainThread) so sorry, response updates: {'description': "Conflict: can't use getUpdates method while webhook is active", 'ok': False, 'error_code': 409}
18:45:07 (MainThread) dump users
18:45:07 (MainThread) 'result'
18:45:08 (MainThread) so sorry, response updates: {'description': "Conflict: can't use getUpdates method while webhook is active", 'ok': False, 'error_code': 409}
18:45:08 (MainThread) dump users
18:45:08 (MainThread) 'result'
18:45:08 (MainThread) so sorry, response updates: {'description': "Conflict: can't use getUpdates method while webhook is active", 'ok': False, 'error_code': 409}
18:45:08 (MainThread) dump users
18:45:08 (MainThread) 'result'
18:45:08 (MainThread) so sorry, response updates: {'description': "Conflict: can't use getUpdates method while webhook is active", 'ok': False, 'error_code': 409}
18:45:08 (MainThread) dump users
18:45:08 (MainThread) 'result'
18:45:08 (MainThread) so sorry, response updates: {'description': "Conflict: can't use getUpdates method while webhook is active", 'ok': False, 'error_code': 409}
18:45:08 (MainThread) dump users
18:45:08 (MainThread) 'result'
18:45:08 (MainThread) so sorry, response updates: {'description': "Conflict: can't use getUpdates method while webhook is active", 'ok': False, 'error_code': 409}
18:45:08 (MainThread) dump users
18:45:08 (MainThread) 'result'
18:45:09 (MainThread) so sorry, response updates: {'description': "Conflict: can't use getUpdates method while webhook is active", 'ok': False, 'error_code': 409}
18:45:09 (MainThread) dump users
18:45:09 (MainThread) 'result'
18:45:09 (MainThread) so sorry, response updates: {'description': "Conflict: can't use getUpdates method while webhook is active", 'ok': False, 'error_code': 409}
18:45:09 (MainThread) dump users
18:45:09 (MainThread) 'result'
18:45:09 (MainThread) so sorry, response updates: {'description': "Conflict: can't use getUpdates method while webhook is active", 'ok': False, 'error_code': 409}
18:45:09 (MainThread) dump users
18:45:09 (MainThread) 'result'
18:45:09 (MainThread) so sorry, response updates: {'description': "Conflict: can't use getUpdates method while webhook is active", 'ok': False, 'error_code': 409}
18:45:09 (MainThread) dump users
18:45:09 (MainThread) 'result'
18:45:09 (MainThread) so sorry, response updates: {'description': "Conflict: can't use getUpdates method while webhook is active", 'ok': False, 'error_code': 409}
18:45:09 (MainThread) dump users
18:45:09 (MainThread) 'result'
18:45:10 (MainThread) so sorry, response updates: {'description': "Conflict: can't use getUpdates method while webhook is active", 'ok': False, 'error_code': 409}
18:45:10 (MainThread) dump users
18:45:10 (MainThread) 'result'
18:45:10 (MainThread) so sorry, response updates: {'description': "Conflict: can't use getUpdates method while webhook is active", 'ok': False, 'error_code': 409}
18:45:10 (MainThread) dump users
18:45:10 (MainThread) 'result'
18:45:10 (MainThread) so sorry, response updates: {'description': "Conflict: can't use getUpdates method while webhook is active", 'ok': False, 'error_code': 409}
18:45:10 (MainThread) dump users
18:45:10 (MainThread) 'result'
18:45:10 (MainThread) so sorry, response updates: {'description': "Conflict: can't use getUpdates method while webhook is active", 'ok': False, 'error_code': 409}
18:45:10 (MainThread) dump users
18:45:10 (MainThread) 'result'
18:45:10 (MainThread) so sorry, response updates: {'description': "Conflict: can't use getUpdates method while webhook is active", 'ok': False, 'error_code': 409}
18:45:10 (MainThread) dump users
18:45:10 (MainThread) 'result'
18:45:11 (MainThread) so sorry, response updates: {'description': "Conflict: can't use getUpdates method while webhook is active", 'ok': False, 'error_code': 409}
18:45:11 (MainThread) dump users
18:45:11 (MainThread) 'result'
18:45:11 (MainThread) so sorry, response updates: {'description': "Conflict: can't use getUpdates method while webhook is active", 'ok': False, 'error_code': 409}
18:45:11 (MainThread) dump users
18:45:11 (MainThread) 'result'
18:45:11 (MainThread) so sorry, response updates: {'description': "Conflict: can't use getUpdates method while webhook is active", 'ok': False, 'error_code': 409}
18:45:11 (MainThread) dump users
18:45:11 (MainThread) 'result'
18:45:11 (MainThread) so sorry, response updates: {'description': "Conflict: can't use getUpdates method while webhook is active", 'ok': False, 'error_code': 409}
18:45:11 (MainThread) dump users
18:45:11 (MainThread) 'result'
18:45:12 (MainThread) so sorry, response updates: {'description': "Conflict: can't use getUpdates method while webhook is active", 'ok': False, 'error_code': 409}
18:45:12 (MainThread) dump users
18:45:12 (MainThread) 'result'
18:45:12 (MainThread) so sorry, response updates: {'description': "Conflict: can't use getUpdates method while webhook is active", 'ok': False, 'error_code': 409}
18:45:12 (MainThread) dump users
18:45:12 (MainThread) 'result'
18:45:12 (MainThread) so sorry, response updates: {'description': "Conflict: can't use getUpdates method while webhook is active", 'ok': False, 'error_code': 409}
18:45:12 (MainThread) dump users
18:45:12 (MainThread) 'result'
18:45:12 (MainThread) so sorry, response updates: {'description': "Conflict: can't use getUpdates method while webhook is active", 'ok': False, 'error_code': 409}
18:45:12 (MainThread) dump users
18:45:12 (MainThread) 'result'
18:45:12 (MainThread) so sorry, response updates: {'description': "Conflict: can't use getUpdates method while webhook is active", 'ok': False, 'error_code': 409}
18:45:12 (MainThread) dump users
18:45:12 (MainThread) 'result'
18:45:13 (MainThread) so sorry, response updates: {'description': "Conflict: can't use getUpdates method while webhook is active", 'ok': False, 'error_code': 409}
18:45:13 (MainThread) dump users
18:45:13 (MainThread) 'result'
18:45:13 (MainThread) so sorry, response updates: {'description': "Conflict: can't use getUpdates method while webhook is active", 'ok': False, 'error_code': 409}
18:45:13 (MainThread) dump users
18:45:13 (MainThread) 'result'
18:45:13 (MainThread) so sorry, response updates: {'description': "Conflict: can't use getUpdates method while webhook is active", 'ok': False, 'error_code': 409}
18:45:13 (MainThread) dump users
18:45:13 (MainThread) 'result'
18:45:13 (MainThread) so sorry, response updates: {'description': "Conflict: can't use getUpdates method while webhook is active", 'ok': False, 'error_code': 409}
18:45:13 (MainThread) dump users
18:45:13 (MainThread) 'result'
18:45:13 (MainThread) so sorry, response updates: {'description': "Conflict: can't use getUpdates method while webhook is active", 'ok': False, 'error_code': 409}
18:45:13 (MainThread) dump users
18:45:13 (MainThread) 'result'
18:45:14 (MainThread) so sorry, response updates: {'description': "Conflict: can't use getUpdates method while webhook is active", 'ok': False, 'error_code': 409}
18:45:14 (MainThread) dump users
18:45:14 (MainThread) 'result'
18:45:14 (MainThread) so sorry, response updates: {'description': "Conflict: can't use getUpdates method while webhook is active", 'ok': False, 'error_code': 409}
18:45:14 (MainThread) dump users
18:45:14 (MainThread) 'result'
18:45:14 (MainThread) so sorry, response updates: {'description': "Conflict: can't use getUpdates method while webhook is active", 'ok': False, 'error_code': 409}
18:45:14 (MainThread) dump users
18:45:14 (MainThread) 'result'
18:45:14 (MainThread) so sorry, response updates: {'description': "Conflict: can't use getUpdates method while webhook is active", 'ok': False, 'error_code': 409}
18:45:14 (MainThread) dump users
18:45:14 (MainThread) 'result'
18:45:14 (MainThread) so sorry, response updates: {'description': "Conflict: can't use getUpdates method while webhook is active", 'ok': False, 'error_code': 409}
18:45:14 (MainThread) dump users
18:45:14 (MainThread) 'result'
18:45:14 (MainThread) so sorry, response updates: {'description': "Conflict: can't use getUpdates method while webhook is active", 'ok': False, 'error_code': 409}
18:45:14 (MainThread) dump users
18:45:14 (MainThread) 'result'
18:45:15 (MainThread) so sorry, response updates: {'description': "Conflict: can't use getUpdates method while webhook is active", 'ok': False, 'error_code': 409}
18:45:15 (MainThread) dump users
18:45:15 (MainThread) 'result'
18:45:15 (MainThread) so sorry, response updates: {'description': "Conflict: can't use getUpdates method while webhook is active", 'ok': False, 'error_code': 409}
18:45:15 (MainThread) dump users
18:45:15 (MainThread) 'result'
18:45:15 (MainThread) so sorry, response updates: {'description': "Conflict: can't use getUpdates method while webhook is active", 'ok': False, 'error_code': 409}
18:45:15 (MainThread) dump users
18:45:15 (MainThread) 'result'
18:45:15 (MainThread) so sorry, response updates: {'description': "Conflict: can't use getUpdates method while webhook is active", 'ok': False, 'error_code': 409}
18:45:15 (MainThread) dump users
18:45:15 (MainThread) 'result'
18:45:15 (MainThread) so sorry, response updates: {'description': "Conflict: can't use getUpdates method while webhook is active", 'ok': False, 'error_code': 409}
18:45:15 (MainThread) dump users
18:45:15 (MainThread) 'result'
18:45:16 (MainThread) so sorry, response updates: {'description': "Conflict: can't use getUpdates method while webhook is active", 'ok': False, 'error_code': 409}
18:45:16 (MainThread) dump users
18:45:16 (MainThread) 'result'
18:45:16 (MainThread) so sorry, response updates: {'description': "Conflict: can't use getUpdates method while webhook is active", 'ok': False, 'error_code': 409}
18:45:16 (MainThread) dump users
18:45:16 (MainThread) 'result'
18:45:16 (MainThread) so sorry, response updates: {'description': "Conflict: can't use getUpdates method while webhook is active", 'ok': False, 'error_code': 409}
18:45:16 (MainThread) dump users
18:45:16 (MainThread) 'result'
18:45:16 (MainThread) so sorry, response updates: {'description': "Conflict: can't use getUpdates method while webhook is active", 'ok': False, 'error_code': 409}
18:45:16 (MainThread) dump users
18:45:16 (MainThread) 'result'
18:45:16 (MainThread) so sorry, response updates: {'description': "Conflict: can't use getUpdates method while webhook is active", 'ok': False, 'error_code': 409}
18:45:16 (MainThread) dump users
18:45:16 (MainThread) 'result'
18:45:17 (MainThread) so sorry, response updates: {'description': "Conflict: can't use getUpdates method while webhook is active", 'ok': False, 'error_code': 409}
18:45:17 (MainThread) dump users
18:45:17 (MainThread) 'result'
18:45:17 (MainThread) so sorry, response updates: {'description': "Conflict: can't use getUpdates method while webhook is active", 'ok': False, 'error_code': 409}
18:45:17 (MainThread) dump users
18:45:17 (MainThread) 'result'
18:45:17 (MainThread) so sorry, response updates: {'description': "Conflict: can't use getUpdates method while webhook is active", 'ok': False, 'error_code': 409}
18:45:17 (MainThread) dump users
18:45:17 (MainThread) 'result'
18:45:17 (MainThread) so sorry, response updates: {'description': "Conflict: can't use getUpdates method while webhook is active", 'ok': False, 'error_code': 409}
18:45:17 (MainThread) dump users
18:45:17 (MainThread) 'result'
18:45:17 (MainThread) so sorry, response updates: {'description': "Conflict: can't use getUpdates method while webhook is active", 'ok': False, 'error_code': 409}
18:45:17 (MainThread) dump users
18:45:17 (MainThread) 'result'
18:45:18 (MainThread) so sorry, response updates: {'description': "Conflict: can't use getUpdates method while webhook is active", 'ok': False, 'error_code': 409}
18:45:18 (MainThread) dump users
18:45:18 (MainThread) 'result'
18:45:18 (MainThread) so sorry, response updates: {'description': "Conflict: can't use getUpdates method while webhook is active", 'ok': False, 'error_code': 409}
18:45:18 (MainThread) dump users
18:45:18 (MainThread) 'result'
18:45:18 (MainThread) so sorry, response updates: {'description': "Conflict: can't use getUpdates method while webhook is active", 'ok': False, 'error_code': 409}
18:45:18 (MainThread) dump users
18:45:18 (MainThread) 'result'
18:45:18 (MainThread) so sorry, response updates: {'description': "Conflict: can't use getUpdates method while webhook is active", 'ok': False, 'error_code': 409}
18:45:18 (MainThread) dump users
18:45:18 (MainThread) 'result'
18:45:18 (MainThread) so sorry, response updates: {'description': "Conflict: can't use getUpdates method while webhook is active", 'ok': False, 'error_code': 409}
18:45:18 (MainThread) dump users
18:45:18 (MainThread) 'result'
18:45:19 (MainThread) so sorry, response updates: {'description': "Conflict: can't use getUpdates method while webhook is active", 'ok': False, 'error_code': 409}
18:45:19 (MainThread) dump users
18:45:19 (MainThread) 'result'
18:45:19 (MainThread) so sorry, response updates: {'description': "Conflict: can't use getUpdates method while webhook is active", 'ok': False, 'error_code': 409}
18:45:19 (MainThread) dump users
18:45:19 (MainThread) 'result'
18:45:19 (MainThread) so sorry, response updates: {'description': "Conflict: can't use getUpdates method while webhook is active", 'ok': False, 'error_code': 409}
18:45:19 (MainThread) dump users
18:45:19 (MainThread) 'result'
18:45:19 (MainThread) so sorry, response updates: {'description': "Conflict: can't use getUpdates method while webhook is active", 'ok': False, 'error_code': 409}
18:45:19 (MainThread) dump users
18:45:19 (MainThread) 'result'
18:45:19 (MainThread) so sorry, response updates: {'description': "Conflict: can't use getUpdates method while webhook is active", 'ok': False, 'error_code': 409}
18:45:19 (MainThread) dump users
18:45:19 (MainThread) 'result'
18:45:19 (MainThread) so sorry, response updates: {'description': "Conflict: can't use getUpdates method while webhook is active", 'ok': False, 'error_code': 409}
18:45:19 (MainThread) dump users
18:45:19 (MainThread) 'result'
18:45:20 (MainThread) so sorry, response updates: {'description': "Conflict: can't use getUpdates method while webhook is active", 'ok': False, 'error_code': 409}
18:45:20 (MainThread) dump users
18:45:20 (MainThread) 'result'
18:45:20 (MainThread) so sorry, response updates: {'description': "Conflict: can't use getUpdates method while webhook is active", 'ok': False, 'error_code': 409}
18:45:20 (MainThread) dump users
18:45:20 (MainThread) 'result'
18:45:20 (MainThread) so sorry, response updates: {'description': "Conflict: can't use getUpdates method while webhook is active", 'ok': False, 'error_code': 409}
18:45:20 (MainThread) dump users
18:45:20 (MainThread) 'result'
18:45:20 (MainThread) so sorry, response updates: {'description': "Conflict: can't use getUpdates method while webhook is active", 'ok': False, 'error_code': 409}
18:45:20 (MainThread) dump users
18:45:20 (MainThread) 'result'
18:45:20 (MainThread) so sorry, response updates: {'description': "Conflict: can't use getUpdates method while webhook is active", 'ok': False, 'error_code': 409}
18:45:20 (MainThread) dump users
18:45:20 (MainThread) 'result'
18:45:21 (MainThread) so sorry, response updates: {'description': "Conflict: can't use getUpdates method while webhook is active", 'ok': False, 'error_code': 409}
18:45:21 (MainThread) dump users
18:45:21 (MainThread) 'result'
18:45:21 (MainThread) so sorry, response updates: {'description': "Conflict: can't use getUpdates method while webhook is active", 'ok': False, 'error_code': 409}
18:45:21 (MainThread) dump users
18:45:21 (MainThread) 'result'
18:45:21 (MainThread) so sorry, response updates: {'description': "Conflict: can't use getUpdates method while webhook is active", 'ok': False, 'error_code': 409}
18:45:21 (MainThread) dump users
18:45:21 (MainThread) 'result'
18:45:21 (MainThread) so sorry, response updates: {'description': "Conflict: can't use getUpdates method while webhook is active", 'ok': False, 'error_code': 409}
18:45:21 (MainThread) dump users
18:45:21 (MainThread) 'result'
18:45:21 (MainThread) so sorry, response updates: {'description': "Conflict: can't use getUpdates method while webhook is active", 'ok': False, 'error_code': 409}
18:45:21 (MainThread) dump users
18:45:21 (MainThread) 'result'
18:45:22 (MainThread) so sorry, response updates: {'description': "Conflict: can't use getUpdates method while webhook is active", 'ok': False, 'error_code': 409}
18:45:22 (MainThread) dump users
18:45:22 (MainThread) 'result'
18:45:22 (MainThread) so sorry, response updates: {'description': "Conflict: can't use getUpdates method while webhook is active", 'ok': False, 'error_code': 409}
18:45:22 (MainThread) dump users
18:45:22 (MainThread) 'result'
18:45:22 (MainThread) so sorry, response updates: {'description': "Conflict: can't use getUpdates method while webhook is active", 'ok': False, 'error_code': 409}
18:45:22 (MainThread) dump users
18:45:22 (MainThread) 'result'
18:45:22 (MainThread) so sorry, response updates: {'description': "Conflict: can't use getUpdates method while webhook is active", 'ok': False, 'error_code': 409}
18:45:22 (MainThread) dump users
18:45:22 (MainThread) 'result'
18:45:22 (MainThread) so sorry, response updates: {'description': "Conflict: can't use getUpdates method while webhook is active", 'ok': False, 'error_code': 409}
18:45:22 (MainThread) dump users
18:45:22 (MainThread) 'result'
18:45:23 (MainThread) so sorry, response updates: {'description': "Conflict: can't use getUpdates method while webhook is active", 'ok': False, 'error_code': 409}
18:45:23 (MainThread) dump users
18:45:23 (MainThread) 'result'
18:45:23 (MainThread) so sorry, response updates: {'description': "Conflict: can't use getUpdates method while webhook is active", 'ok': False, 'error_code': 409}
18:45:23 (MainThread) dump users
18:45:23 (MainThread) 'result'
18:45:23 (MainThread) so sorry, response updates: {'description': "Conflict: can't use getUpdates method while webhook is active", 'ok': False, 'error_code': 409}
18:45:23 (MainThread) dump users
18:45:23 (MainThread) 'result'
18:45:23 (MainThread) so sorry, response updates: {'description': "Conflict: can't use getUpdates method while webhook is active", 'ok': False, 'error_code': 409}
18:45:23 (MainThread) dump users
18:45:23 (MainThread) 'result'
18:45:23 (MainThread) so sorry, response updates: {'description': "Conflict: can't use getUpdates method while webhook is active", 'ok': False, 'error_code': 409}
18:45:23 (MainThread) dump users
18:45:23 (MainThread) 'result'
18:45:24 (MainThread) so sorry, response updates: {'description': "Conflict: can't use getUpdates method while webhook is active", 'ok': False, 'error_code': 409}
18:45:24 (MainThread) dump users
18:45:24 (MainThread) 'result'
18:45:24 (MainThread) so sorry, response updates: {'description': "Conflict: can't use getUpdates method while webhook is active", 'ok': False, 'error_code': 409}
18:45:24 (MainThread) dump users
18:45:24 (MainThread) 'result'
18:45:24 (MainThread) so sorry, response updates: {'description': "Conflict: can't use getUpdates method while webhook is active", 'ok': False, 'error_code': 409}
18:45:24 (MainThread) dump users
18:45:24 (MainThread) 'result'
18:45:24 (MainThread) so sorry, response updates: {'description': "Conflict: can't use getUpdates method while webhook is active", 'ok': False, 'error_code': 409}
18:45:24 (MainThread) dump users
18:45:24 (MainThread) 'result'
18:45:24 (MainThread) so sorry, response updates: {'description': "Conflict: can't use getUpdates method while webhook is active", 'ok': False, 'error_code': 409}
18:45:24 (MainThread) dump users
18:45:24 (MainThread) 'result'
18:45:24 (MainThread) so sorry, response updates: {'description': "Conflict: can't use getUpdates method while webhook is active", 'ok': False, 'error_code': 409}
18:45:24 (MainThread) dump users
18:45:24 (MainThread) 'result'
18:45:25 (MainThread) so sorry, response updates: {'description': "Conflict: can't use getUpdates method while webhook is active", 'ok': False, 'error_code': 409}
18:45:25 (MainThread) dump users
18:45:25 (MainThread) 'result'
18:45:25 (MainThread) so sorry, response updates: {'description': "Conflict: can't use getUpdates method while webhook is active", 'ok': False, 'error_code': 409}
18:45:25 (MainThread) dump users
18:45:25 (MainThread) 'result'
18:45:25 (MainThread) so sorry, response updates: {'description': "Conflict: can't use getUpdates method while webhook is active", 'ok': False, 'error_code': 409}
18:45:25 (MainThread) dump users
18:45:25 (MainThread) 'result'
18:45:25 (MainThread) so sorry, response updates: {'description': "Conflict: can't use getUpdates method while webhook is active", 'ok': False, 'error_code': 409}
18:45:25 (MainThread) dump users
18:45:25 (MainThread) 'result'
18:45:25 (MainThread) so sorry, response updates: {'description': "Conflict: can't use getUpdates method while webhook is active", 'ok': False, 'error_code': 409}
18:45:25 (MainThread) dump users
18:45:25 (MainThread) 'result'
18:45:26 (MainThread) so sorry, response updates: {'description': "Conflict: can't use getUpdates method while webhook is active", 'ok': False, 'error_code': 409}
18:45:26 (MainThread) dump users
18:45:26 (MainThread) 'result'
18:45:26 (MainThread) so sorry, response updates: {'description': "Conflict: can't use getUpdates method while webhook is active", 'ok': False, 'error_code': 409}
18:45:26 (MainThread) dump users
18:45:26 (MainThread) 'result'
18:45:26 (MainThread) so sorry, response updates: {'description': "Conflict: can't use getUpdates method while webhook is active", 'ok': False, 'error_code': 409}
18:45:26 (MainThread) dump users
18:45:26 (MainThread) 'result'
18:45:26 (MainThread) so sorry, response updates: {'description': "Conflict: can't use getUpdates method while webhook is active", 'ok': False, 'error_code': 409}
18:45:26 (MainThread) dump users
18:45:26 (MainThread) 'result'
18:45:26 (MainThread) so sorry, response updates: {'description': "Conflict: can't use getUpdates method while webhook is active", 'ok': False, 'error_code': 409}
18:45:26 (MainThread) dump users
18:45:26 (MainThread) 'result'
18:45:27 (MainThread) so sorry, response updates: {'description': "Conflict: can't use getUpdates method while webhook is active", 'ok': False, 'error_code': 409}
18:45:27 (MainThread) dump users
18:45:27 (MainThread) 'result'
18:45:27 (MainThread) so sorry, response updates: {'description': "Conflict: can't use getUpdates method while webhook is active", 'ok': False, 'error_code': 409}
18:45:27 (MainThread) dump users
18:45:27 (MainThread) 'result'
18:45:27 (MainThread) so sorry, response updates: {'description': "Conflict: can't use getUpdates method while webhook is active", 'ok': False, 'error_code': 409}
18:45:27 (MainThread) dump users
18:45:27 (MainThread) 'result'
18:45:27 (MainThread) so sorry, response updates: {'description': "Conflict: can't use getUpdates method while webhook is active", 'ok': False, 'error_code': 409}
18:45:27 (MainThread) dump users
18:45:27 (MainThread) 'result'
18:45:27 (MainThread) so sorry, response updates: {'description': "Conflict: can't use getUpdates method while webhook is active", 'ok': False, 'error_code': 409}
18:45:27 (MainThread) dump users
18:45:27 (MainThread) 'result'
18:45:28 (MainThread) so sorry, response updates: {'description': "Conflict: can't use getUpdates method while webhook is active", 'ok': False, 'error_code': 409}
18:45:28 (MainThread) dump users
18:45:28 (MainThread) 'result'
18:45:28 (MainThread) so sorry, response updates: {'description': "Conflict: can't use getUpdates method while webhook is active", 'ok': False, 'error_code': 409}
18:45:28 (MainThread) dump users
18:45:28 (MainThread) 'result'
18:45:28 (MainThread) so sorry, response updates: {'description': "Conflict: can't use getUpdates method while webhook is active", 'ok': False, 'error_code': 409}
18:45:28 (MainThread) dump users
18:45:28 (MainThread) 'result'
18:45:28 (MainThread) so sorry, response updates: {'description': "Conflict: can't use getUpdates method while webhook is active", 'ok': False, 'error_code': 409}
18:45:28 (MainThread) dump users
18:45:28 (MainThread) 'result'
18:45:28 (MainThread) so sorry, response updates: {'description': "Conflict: can't use getUpdates method while webhook is active", 'ok': False, 'error_code': 409}
18:45:28 (MainThread) dump users
18:45:28 (MainThread) 'result'
18:45:28 (MainThread) so sorry, response updates: {'description': "Conflict: can't use getUpdates method while webhook is active", 'ok': False, 'error_code': 409}
18:45:28 (MainThread) dump users
18:45:28 (MainThread) 'result'
18:45:29 (MainThread) so sorry, response updates: {'description': "Conflict: can't use getUpdates method while webhook is active", 'ok': False, 'error_code': 409}
18:45:29 (MainThread) dump users
18:45:29 (MainThread) 'result'
18:45:29 (MainThread) so sorry, response updates: {'description': "Conflict: can't use getUpdates method while webhook is active", 'ok': False, 'error_code': 409}
18:45:29 (MainThread) dump users
18:45:29 (MainThread) 'result'
18:45:29 (MainThread) so sorry, response updates: {'description': "Conflict: can't use getUpdates method while webhook is active", 'ok': False, 'error_code': 409}
18:45:29 (MainThread) dump users
18:45:29 (MainThread) 'result'
18:45:29 (MainThread) so sorry, response updates: {'description': "Conflict: can't use getUpdates method while webhook is active", 'ok': False, 'error_code': 409}
18:45:29 (MainThread) dump users
18:45:29 (MainThread) 'result'
18:45:29 (MainThread) so sorry, response updates: {'description': "Conflict: can't use getUpdates method while webhook is active", 'ok': False, 'error_code': 409}
18:45:29 (MainThread) dump users
18:45:29 (MainThread) 'result'
18:45:30 (MainThread) so sorry, response updates: {'description': "Conflict: can't use getUpdates method while webhook is active", 'ok': False, 'error_code': 409}
18:45:30 (MainThread) dump users
18:45:30 (MainThread) 'result'
18:45:30 (MainThread) so sorry, response updates: {'description': "Conflict: can't use getUpdates method while webhook is active", 'ok': False, 'error_code': 409}
18:45:30 (MainThread) dump users
18:45:30 (MainThread) 'result'
18:45:30 (MainThread) so sorry, response updates: {'description': "Conflict: can't use getUpdates method while webhook is active", 'ok': False, 'error_code': 409}
18:45:30 (MainThread) dump users
18:45:30 (MainThread) 'result'
18:45:30 (MainThread) so sorry, response updates: {'description': "Conflict: can't use getUpdates method while webhook is active", 'ok': False, 'error_code': 409}
18:45:30 (MainThread) dump users
18:45:30 (MainThread) 'result'
18:45:30 (MainThread) so sorry, response updates: {'description': "Conflict: can't use getUpdates method while webhook is active", 'ok': False, 'error_code': 409}
18:45:30 (MainThread) dump users
18:45:30 (MainThread) 'result'
18:45:31 (MainThread) so sorry, response updates: {'description': "Conflict: can't use getUpdates method while webhook is active", 'ok': False, 'error_code': 409}
18:45:31 (MainThread) dump users
18:45:31 (MainThread) 'result'
18:45:31 (MainThread) so sorry, response updates: {'description': "Conflict: can't use getUpdates method while webhook is active", 'ok': False, 'error_code': 409}
18:45:31 (MainThread) dump users
18:45:31 (MainThread) 'result'
18:45:31 (MainThread) so sorry, response updates: {'description': "Conflict: can't use getUpdates method while webhook is active", 'ok': False, 'error_code': 409}
18:45:31 (MainThread) dump users
18:45:31 (MainThread) 'result'
18:45:31 (MainThread) so sorry, response updates: {'description': "Conflict: can't use getUpdates method while webhook is active", 'ok': False, 'error_code': 409}
18:45:31 (MainThread) dump users
18:45:31 (MainThread) 'result'
18:45:31 (MainThread) so sorry, response updates: {'description': "Conflict: can't use getUpdates method while webhook is active", 'ok': False, 'error_code': 409}
18:45:31 (MainThread) dump users
18:45:31 (MainThread) 'result'
18:45:32 (MainThread) so sorry, response updates: {'description': "Conflict: can't use getUpdates method while webhook is active", 'ok': False, 'error_code': 409}
18:45:32 (MainThread) dump users
18:45:32 (MainThread) 'result'
18:45:32 (MainThread) so sorry, response updates: {'description': "Conflict: can't use getUpdates method while webhook is active", 'ok': False, 'error_code': 409}
18:45:32 (MainThread) dump users
18:45:32 (MainThread) 'result'
18:45:32 (MainThread) so sorry, response updates: {'description': "Conflict: can't use getUpdates method while webhook is active", 'ok': False, 'error_code': 409}
18:45:32 (MainThread) dump users
18:45:32 (MainThread) 'result'
18:45:32 (MainThread) so sorry, response updates: {'description': "Conflict: can't use getUpdates method while webhook is active", 'ok': False, 'error_code': 409}
18:45:32 (MainThread) dump users
18:45:32 (MainThread) 'result'
18:45:32 (MainThread) so sorry, response updates: {'description': "Conflict: can't use getUpdates method while webhook is active", 'ok': False, 'error_code': 409}
18:45:32 (MainThread) dump users
18:45:32 (MainThread) 'result'
18:45:33 (MainThread) so sorry, response updates: {'description': "Conflict: can't use getUpdates method while webhook is active", 'ok': False, 'error_code': 409}
18:45:33 (MainThread) dump users
18:45:33 (MainThread) 'result'
18:45:33 (MainThread) so sorry, response updates: {'description': "Conflict: can't use getUpdates method while webhook is active", 'ok': False, 'error_code': 409}
18:45:33 (MainThread) dump users
18:45:33 (MainThread) 'result'
18:45:33 (MainThread) so sorry, response updates: {'description': "Conflict: can't use getUpdates method while webhook is active", 'ok': False, 'error_code': 409}
18:45:33 (MainThread) dump users
18:45:33 (MainThread) 'result'
18:45:33 (MainThread) so sorry, response updates: {'description': "Conflict: can't use getUpdates method while webhook is active", 'ok': False, 'error_code': 409}
18:45:33 (MainThread) dump users
18:45:33 (MainThread) 'result'
18:45:33 (MainThread) so sorry, response updates: {'description': "Conflict: can't use getUpdates method while webhook is active", 'ok': False, 'error_code': 409}
18:45:33 (MainThread) dump users
18:45:33 (MainThread) 'result'
18:45:33 (MainThread) so sorry, response updates: {'description': "Conflict: can't use getUpdates method while webhook is active", 'ok': False, 'error_code': 409}
18:45:33 (MainThread) dump users
18:45:33 (MainThread) 'result'
18:45:34 (MainThread) so sorry, response updates: {'description': "Conflict: can't use getUpdates method while webhook is active", 'ok': False, 'error_code': 409}
18:45:34 (MainThread) dump users
18:45:34 (MainThread) 'result'
18:45:34 (MainThread) so sorry, response updates: {'description': "Conflict: can't use getUpdates method while webhook is active", 'ok': False, 'error_code': 409}
18:45:34 (MainThread) dump users
18:45:34 (MainThread) 'result'
18:45:34 (MainThread) so sorry, response updates: {'description': "Conflict: can't use getUpdates method while webhook is active", 'ok': False, 'error_code': 409}
18:45:34 (MainThread) dump users
18:45:34 (MainThread) 'result'
18:45:34 (MainThread) so sorry, response updates: {'description': "Conflict: can't use getUpdates method while webhook is active", 'ok': False, 'error_code': 409}
18:45:34 (MainThread) dump users
18:45:34 (MainThread) 'result'
18:45:34 (MainThread) so sorry, response updates: {'description': "Conflict: can't use getUpdates method while webhook is active", 'ok': False, 'error_code': 409}
18:45:34 (MainThread) dump users
18:45:34 (MainThread) 'result'
18:45:35 (MainThread) so sorry, response updates: {'description': "Conflict: can't use getUpdates method while webhook is active", 'ok': False, 'error_code': 409}
18:45:35 (MainThread) dump users
18:45:35 (MainThread) 'result'
18:45:35 (MainThread) so sorry, response updates: {'description': "Conflict: can't use getUpdates method while webhook is active", 'ok': False, 'error_code': 409}
18:45:35 (MainThread) dump users
18:45:35 (MainThread) 'result'
18:45:35 (MainThread) so sorry, response updates: {'description': "Conflict: can't use getUpdates method while webhook is active", 'ok': False, 'error_code': 409}
18:45:35 (MainThread) dump users
18:45:35 (MainThread) 'result'
18:45:35 (MainThread) so sorry, response updates: {'description': "Conflict: can't use getUpdates method while webhook is active", 'ok': False, 'error_code': 409}
18:45:35 (MainThread) dump users
18:45:35 (MainThread) 'result'
18:45:35 (MainThread) so sorry, response updates: {'description': "Conflict: can't use getUpdates method while webhook is active", 'ok': False, 'error_code': 409}
18:45:35 (MainThread) dump users
18:45:35 (MainThread) 'result'
18:45:36 (MainThread) so sorry, response updates: {'description': "Conflict: can't use getUpdates method while webhook is active", 'ok': False, 'error_code': 409}
18:45:36 (MainThread) dump users
18:45:36 (MainThread) 'result'
18:45:36 (MainThread) so sorry, response updates: {'description': "Conflict: can't use getUpdates method while webhook is active", 'ok': False, 'error_code': 409}
18:45:36 (MainThread) dump users
18:45:36 (MainThread) 'result'
18:45:36 (MainThread) so sorry, response updates: {'description': "Conflict: can't use getUpdates method while webhook is active", 'ok': False, 'error_code': 409}
18:45:36 (MainThread) dump users
18:45:36 (MainThread) 'result'
18:45:36 (MainThread) so sorry, response updates: {'description': "Conflict: can't use getUpdates method while webhook is active", 'ok': False, 'error_code': 409}
18:45:36 (MainThread) dump users
18:45:36 (MainThread) 'result'
18:45:36 (MainThread) so sorry, response updates: {'description': "Conflict: can't use getUpdates method while webhook is active", 'ok': False, 'error_code': 409}
18:45:36 (MainThread) dump users
18:45:36 (MainThread) 'result'
18:45:37 (MainThread) so sorry, response updates: {'description': "Conflict: can't use getUpdates method while webhook is active", 'ok': False, 'error_code': 409}
18:45:37 (MainThread) dump users
18:45:37 (MainThread) 'result'
18:45:37 (MainThread) so sorry, response updates: {'description': "Conflict: can't use getUpdates method while webhook is active", 'ok': False, 'error_code': 409}
18:45:37 (MainThread) dump users
18:45:37 (MainThread) 'result'
18:45:37 (MainThread) so sorry, response updates: {'description': "Conflict: can't use getUpdates method while webhook is active", 'ok': False, 'error_code': 409}
18:45:37 (MainThread) dump users
18:45:37 (MainThread) 'result'
18:45:37 (MainThread) so sorry, response updates: {'description': "Conflict: can't use getUpdates method while webhook is active", 'ok': False, 'error_code': 409}
18:45:37 (MainThread) dump users
18:45:37 (MainThread) 'result'
18:45:37 (MainThread) so sorry, response updates: {'description': "Conflict: can't use getUpdates method while webhook is active", 'ok': False, 'error_code': 409}
18:45:37 (MainThread) dump users
18:45:37 (MainThread) 'result'
18:45:37 (MainThread) so sorry, response updates: {'description': "Conflict: can't use getUpdates method while webhook is active", 'ok': False, 'error_code': 409}
18:45:37 (MainThread) dump users
18:45:37 (MainThread) 'result'
18:45:38 (MainThread) so sorry, response updates: {'description': "Conflict: can't use getUpdates method while webhook is active", 'ok': False, 'error_code': 409}
18:45:38 (MainThread) dump users
18:45:38 (MainThread) 'result'
18:45:38 (MainThread) so sorry, response updates: {'description': "Conflict: can't use getUpdates method while webhook is active", 'ok': False, 'error_code': 409}
18:45:38 (MainThread) dump users
18:45:38 (MainThread) 'result'
18:45:38 (MainThread) so sorry, response updates: {'description': "Conflict: can't use getUpdates method while webhook is active", 'ok': False, 'error_code': 409}
18:45:38 (MainThread) dump users
18:45:38 (MainThread) 'result'
18:45:38 (MainThread) so sorry, response updates: {'description': "Conflict: can't use getUpdates method while webhook is active", 'ok': False, 'error_code': 409}
18:45:38 (MainThread) dump users
18:45:38 (MainThread) 'result'
18:45:38 (MainThread) so sorry, response updates: {'description': "Conflict: can't use getUpdates method while webhook is active", 'ok': False, 'error_code': 409}
18:45:38 (MainThread) dump users
18:45:38 (MainThread) 'result'
18:45:39 (MainThread) so sorry, response updates: {'description': "Conflict: can't use getUpdates method while webhook is active", 'ok': False, 'error_code': 409}
18:45:39 (MainThread) dump users
18:45:39 (MainThread) 'result'
18:45:39 (MainThread) so sorry, response updates: {'description': "Conflict: can't use getUpdates method while webhook is active", 'ok': False, 'error_code': 409}
18:45:39 (MainThread) dump users
18:45:39 (MainThread) 'result'
18:45:39 (MainThread) so sorry, response updates: {'description': "Conflict: can't use getUpdates method while webhook is active", 'ok': False, 'error_code': 409}
18:45:39 (MainThread) dump users
18:45:39 (MainThread) 'result'
18:45:39 (MainThread) so sorry, response updates: {'description': "Conflict: can't use getUpdates method while webhook is active", 'ok': False, 'error_code': 409}
18:45:39 (MainThread) dump users
18:45:39 (MainThread) 'result'
18:45:39 (MainThread) so sorry, response updates: {'description': "Conflict: can't use getUpdates method while webhook is active", 'ok': False, 'error_code': 409}
18:45:39 (MainThread) dump users
18:45:39 (MainThread) 'result'
18:45:40 (MainThread) so sorry, response updates: {'description': "Conflict: can't use getUpdates method while webhook is active", 'ok': False, 'error_code': 409}
18:45:40 (MainThread) dump users
18:45:40 (MainThread) 'result'
18:45:40 (MainThread) so sorry, response updates: {'description': "Conflict: can't use getUpdates method while webhook is active", 'ok': False, 'error_code': 409}
18:45:40 (MainThread) dump users
18:45:40 (MainThread) 'result'
18:45:40 (MainThread) so sorry, response updates: {'description': "Conflict: can't use getUpdates method while webhook is active", 'ok': False, 'error_code': 409}
18:45:40 (MainThread) dump users
18:45:40 (MainThread) 'result'
18:45:40 (MainThread) so sorry, response updates: {'description': "Conflict: can't use getUpdates method while webhook is active", 'ok': False, 'error_code': 409}
18:45:40 (MainThread) dump users
18:45:40 (MainThread) 'result'
